This file contains any messages produced by compilers while
running configure, to aid debugging if configure makes a mistake.

It was created by Protocol Buffers configure 2.5.0, which was
generated by GNU Autoconf 2.69.  Invocation command line was

  $ ./configure --host=riscv64-unknown-linux-gnu

## --------- ##
## Platform. ##
## --------- ##

hostname = harry-gentoo
uname -m = x86_64
uname -r = 4.0.5-gentoo
uname -s = Linux
uname -v = #3 SMP Thu Jul 23 11:41:41 PDT 2015

/usr/bin/uname -p = Intel(R) Core(TM) i7-3770 CPU @ 3.40GHz
/bin/uname -X     = unknown

/bin/arch              = unknown
/usr/bin/arch -k       = unknown
/usr/convex/getsysinfo = unknown
/usr/bin/hostinfo      = unknown
/bin/machine           = unknown
/usr/bin/oslevel       = unknown
/bin/universe          = unknown

PATH: /usr/local/sbin
PATH: /usr/local/bin
PATH: /usr/sbin
PATH: /usr/bin
PATH: /sbin
PATH: /bin
PATH: /opt/bin
PATH: /usr/x86_64-pc-linux-gnu/gcc-bin/4.8.4
PATH: /usr/x86_64-pc-linux-gnu/riscv64-unknown-linux-gnu/gcc-bin/5.1.0


## ----------- ##
## Core tests. ##
## ----------- ##

configure:2491: checking whether to enable maintainer-specific portions of Makefiles
configure:2500: result: yes
configure:2561: checking build system type
configure:2575: result: x86_64-unknown-linux-gnu
configure:2595: checking host system type
configure:2608: result: riscv64-unknown-linux-gnu
configure:2628: checking target system type
configure:2641: result: riscv64-unknown-linux-gnu
configure:2684: checking for a BSD-compatible install
configure:2752: result: /usr/bin/install -c
configure:2763: checking whether build environment is sane
configure:2818: result: yes
configure:2877: checking for riscv64-unknown-linux-gnu-strip
configure:2893: found /bin/riscv64-unknown-linux-gnu-strip
configure:2904: result: riscv64-unknown-linux-gnu-strip
configure:2969: checking for a thread-safe mkdir -p
configure:3008: result: /bin/mkdir -p
configure:3015: checking for gawk
configure:3031: found /usr/bin/gawk
configure:3042: result: gawk
configure:3053: checking whether make sets $(MAKE)
configure:3075: result: yes
configure:3104: checking whether make supports nested variables
configure:3121: result: yes
configure:3275: checking for riscv64-unknown-linux-gnu-gcc
configure:3291: found /bin/riscv64-unknown-linux-gnu-gcc
configure:3302: result: riscv64-unknown-linux-gnu-gcc
configure:3571: checking for C compiler version
configure:3580: riscv64-unknown-linux-gnu-gcc --version >&5
riscv64-unknown-linux-gnu-gcc (GCC) 5.1.0
Copyright (C) 2015 Free Software Foundation, Inc.
This is free software; see the source for copying conditions.  There is NO
warranty; not even for MERCHANTABILITY or FITNESS FOR A PARTICULAR PURPOSE.

configure:3591: $? = 0
configure:3580: riscv64-unknown-linux-gnu-gcc -v >&5
Using built-in specs.
COLLECT_GCC=riscv64-unknown-linux-gnu-gcc
COLLECT_LTO_WRAPPER=/libexec/gcc/riscv64-unknown-linux-gnu/5.1.0/lto-wrapper
Target: riscv64-unknown-linux-gnu
Configured with: /root/esp-tools/riscv-gnu-toolchain/src/gcc/configure --target=riscv64-unknown-linux-gnu --prefix= --with-sysroot=/sysroot --enable-shared --enable-tls --enable-languages=c,c++,fortran --disable-libmudflap --disable-libssp --disable-libquadmath --disable-nls --disable-multilib --disable-bootstrap --with-arch=IMAFD
Thread model: posix
gcc version 5.1.0 (GCC) 
configure:3591: $? = 0
configure:3580: riscv64-unknown-linux-gnu-gcc -V >&5
riscv64-unknown-linux-gnu-gcc: error: unrecognized command line option '-V'
riscv64-unknown-linux-gnu-gcc: fatal error: no input files
compilation terminated.
configure:3591: $? = 1
configure:3580: riscv64-unknown-linux-gnu-gcc -qversion >&5
riscv64-unknown-linux-gnu-gcc: error: unrecognized command line option '-qversion'
riscv64-unknown-linux-gnu-gcc: fatal error: no input files
compilation terminated.
configure:3591: $? = 1
configure:3611: checking whether the C compiler works
configure:3633: riscv64-unknown-linux-gnu-gcc    conftest.c  >&5
configure:3637: $? = 0
configure:3685: result: yes
configure:3688: checking for C compiler default output file name
configure:3690: result: a.out
configure:3696: checking for suffix of executables
configure:3703: riscv64-unknown-linux-gnu-gcc -o conftest    conftest.c  >&5
configure:3707: $? = 0
configure:3729: result: 
configure:3751: checking whether we are cross compiling
configure:3759: riscv64-unknown-linux-gnu-gcc -o conftest    conftest.c  >&5
configure:3763: $? = 0
configure:3770: ./conftest
./configure: line 3772: ./conftest: cannot execute binary file: Exec format error
configure:3774: $? = 126
configure:3789: result: yes
configure:3794: checking for suffix of object files
configure:3816: riscv64-unknown-linux-gnu-gcc -c   conftest.c >&5
configure:3820: $? = 0
configure:3841: result: o
configure:3845: checking whether we are using the GNU C compiler
configure:3864: riscv64-unknown-linux-gnu-gcc -c   conftest.c >&5
configure:3864: $? = 0
configure:3873: result: yes
configure:3882: checking whether riscv64-unknown-linux-gnu-gcc accepts -g
configure:3902: riscv64-unknown-linux-gnu-gcc -c -g  conftest.c >&5
configure:3902: $? = 0
configure:3943: result: yes
configure:3960: checking for riscv64-unknown-linux-gnu-gcc option to accept ISO C89
configure:4023: riscv64-unknown-linux-gnu-gcc  -c   conftest.c >&5
configure:4023: $? = 0
configure:4036: result: none needed
configure:4061: checking whether riscv64-unknown-linux-gnu-gcc understands -c and -o together
configure:4083: riscv64-unknown-linux-gnu-gcc -c conftest.c -o conftest2.o
configure:4086: $? = 0
configure:4083: riscv64-unknown-linux-gnu-gcc -c conftest.c -o conftest2.o
configure:4086: $? = 0
configure:4098: result: yes
configure:4126: checking for style of include used by make
configure:4154: result: GNU
configure:4180: checking dependency style of riscv64-unknown-linux-gnu-gcc
configure:4291: result: gcc3
configure:4320: checking for riscv64-unknown-linux-gnu-g++
configure:4336: found /bin/riscv64-unknown-linux-gnu-g++
configure:4347: result: riscv64-unknown-linux-gnu-g++
configure:4418: checking for C++ compiler version
configure:4427: riscv64-unknown-linux-gnu-g++ --version >&5
riscv64-unknown-linux-gnu-g++ (GCC) 5.1.0
Copyright (C) 2015 Free Software Foundation, Inc.
This is free software; see the source for copying conditions.  There is NO
warranty; not even for MERCHANTABILITY or FITNESS FOR A PARTICULAR PURPOSE.

configure:4438: $? = 0
configure:4427: riscv64-unknown-linux-gnu-g++ -v >&5
Using built-in specs.
COLLECT_GCC=riscv64-unknown-linux-gnu-g++
COLLECT_LTO_WRAPPER=/libexec/gcc/riscv64-unknown-linux-gnu/5.1.0/lto-wrapper
Target: riscv64-unknown-linux-gnu
Configured with: /root/esp-tools/riscv-gnu-toolchain/src/gcc/configure --target=riscv64-unknown-linux-gnu --prefix= --with-sysroot=/sysroot --enable-shared --enable-tls --enable-languages=c,c++,fortran --disable-libmudflap --disable-libssp --disable-libquadmath --disable-nls --disable-multilib --disable-bootstrap --with-arch=IMAFD
Thread model: posix
gcc version 5.1.0 (GCC) 
configure:4438: $? = 0
configure:4427: riscv64-unknown-linux-gnu-g++ -V >&5
riscv64-unknown-linux-gnu-g++: error: unrecognized command line option '-V'
riscv64-unknown-linux-gnu-g++: fatal error: no input files
compilation terminated.
configure:4438: $? = 1
configure:4427: riscv64-unknown-linux-gnu-g++ -qversion >&5
riscv64-unknown-linux-gnu-g++: error: unrecognized command line option '-qversion'
riscv64-unknown-linux-gnu-g++: fatal error: no input files
compilation terminated.
configure:4438: $? = 1
configure:4442: checking whether we are using the GNU C++ compiler
configure:4461: riscv64-unknown-linux-gnu-g++ -c   conftest.cpp >&5
configure:4461: $? = 0
configure:4470: result: yes
configure:4479: checking whether riscv64-unknown-linux-gnu-g++ accepts -g
configure:4499: riscv64-unknown-linux-gnu-g++ -c -g  conftest.cpp >&5
configure:4499: $? = 0
configure:4540: result: yes
configure:4565: checking dependency style of riscv64-unknown-linux-gnu-g++
configure:4676: result: gcc3
configure:4703: checking how to run the C++ preprocessor
configure:4730: riscv64-unknown-linux-gnu-g++ -E  conftest.cpp
configure:4730: $? = 0
configure:4744: riscv64-unknown-linux-gnu-g++ -E  conftest.cpp
conftest.cpp:11:28: fatal error: ac_nonexistent.h: No such file or directory
compilation terminated.
configure:4744: $? = 1
configure: failed program was:
| /* confdefs.h */
| #define PACKAGE_NAME "Protocol Buffers"
| #define PACKAGE_TARNAME "protobuf"
| #define PACKAGE_VERSION "2.5.0"
| #define PACKAGE_STRING "Protocol Buffers 2.5.0"
| #define PACKAGE_BUGREPORT "protobuf@googlegroups.com"
| #define PACKAGE_URL ""
| #define PACKAGE "protobuf"
| #define VERSION "2.5.0"
| /* end confdefs.h.  */
| #include <ac_nonexistent.h>
configure:4769: result: riscv64-unknown-linux-gnu-g++ -E
configure:4789: riscv64-unknown-linux-gnu-g++ -E  conftest.cpp
configure:4789: $? = 0
configure:4803: riscv64-unknown-linux-gnu-g++ -E  conftest.cpp
conftest.cpp:11:28: fatal error: ac_nonexistent.h: No such file or directory
compilation terminated.
configure:4803: $? = 1
configure: failed program was:
| /* confdefs.h */
| #define PACKAGE_NAME "Protocol Buffers"
| #define PACKAGE_TARNAME "protobuf"
| #define PACKAGE_VERSION "2.5.0"
| #define PACKAGE_STRING "Protocol Buffers 2.5.0"
| #define PACKAGE_BUGREPORT "protobuf@googlegroups.com"
| #define PACKAGE_URL ""
| #define PACKAGE "protobuf"
| #define VERSION "2.5.0"
| /* end confdefs.h.  */
| #include <ac_nonexistent.h>
configure:4832: checking for grep that handles long lines and -e
configure:4890: result: /bin/grep
configure:4895: checking for egrep
configure:4957: result: /bin/grep -E
configure:4962: checking for ANSI C header files
configure:4982: riscv64-unknown-linux-gnu-g++ -c   conftest.cpp >&5
configure:4982: $? = 0
configure:5066: result: yes
configure:5079: checking for sys/types.h
configure:5079: riscv64-unknown-linux-gnu-g++ -c   conftest.cpp >&5
configure:5079: $? = 0
configure:5079: result: yes
configure:5079: checking for sys/stat.h
configure:5079: riscv64-unknown-linux-gnu-g++ -c   conftest.cpp >&5
configure:5079: $? = 0
configure:5079: result: yes
configure:5079: checking for stdlib.h
configure:5079: riscv64-unknown-linux-gnu-g++ -c   conftest.cpp >&5
configure:5079: $? = 0
configure:5079: result: yes
configure:5079: checking for string.h
configure:5079: riscv64-unknown-linux-gnu-g++ -c   conftest.cpp >&5
configure:5079: $? = 0
configure:5079: result: yes
configure:5079: checking for memory.h
configure:5079: riscv64-unknown-linux-gnu-g++ -c   conftest.cpp >&5
configure:5079: $? = 0
configure:5079: result: yes
configure:5079: checking for strings.h
configure:5079: riscv64-unknown-linux-gnu-g++ -c   conftest.cpp >&5
configure:5079: $? = 0
configure:5079: result: yes
configure:5079: checking for inttypes.h
configure:5079: riscv64-unknown-linux-gnu-g++ -c   conftest.cpp >&5
configure:5079: $? = 0
configure:5079: result: yes
configure:5079: checking for stdint.h
configure:5079: riscv64-unknown-linux-gnu-g++ -c   conftest.cpp >&5
configure:5079: $? = 0
configure:5079: result: yes
configure:5079: checking for unistd.h
configure:5079: riscv64-unknown-linux-gnu-g++ -c   conftest.cpp >&5
configure:5079: $? = 0
configure:5079: result: yes
configure:5092: checking minix/config.h usability
configure:5092: riscv64-unknown-linux-gnu-g++ -c   conftest.cpp >&5
conftest.cpp:54:26: fatal error: minix/config.h: No such file or directory
compilation terminated.
configure:5092: $? = 1
configure: failed program was:
| /* confdefs.h */
| #define PACKAGE_NAME "Protocol Buffers"
| #define PACKAGE_TARNAME "protobuf"
| #define PACKAGE_VERSION "2.5.0"
| #define PACKAGE_STRING "Protocol Buffers 2.5.0"
| #define PACKAGE_BUGREPORT "protobuf@googlegroups.com"
| #define PACKAGE_URL ""
| #define PACKAGE "protobuf"
| #define VERSION "2.5.0"
| #define STDC_HEADERS 1
| #define HAVE_SYS_TYPES_H 1
| #define HAVE_SYS_STAT_H 1
| #define HAVE_STDLIB_H 1
| #define HAVE_STRING_H 1
| #define HAVE_MEMORY_H 1
| #define HAVE_STRINGS_H 1
| #define HAVE_INTTYPES_H 1
| #define HAVE_STDINT_H 1
| #define HAVE_UNISTD_H 1
| /* end confdefs.h.  */
| #include <stdio.h>
| #ifdef HAVE_SYS_TYPES_H
| # include <sys/types.h>
| #endif
| #ifdef HAVE_SYS_STAT_H
| # include <sys/stat.h>
| #endif
| #ifdef STDC_HEADERS
| # include <stdlib.h>
| # include <stddef.h>
| #else
| # ifdef HAVE_STDLIB_H
| #  include <stdlib.h>
| # endif
| #endif
| #ifdef HAVE_STRING_H
| # if !defined STDC_HEADERS && defined HAVE_MEMORY_H
| #  include <memory.h>
| # endif
| # include <string.h>
| #endif
| #ifdef HAVE_STRINGS_H
| # include <strings.h>
| #endif
| #ifdef HAVE_INTTYPES_H
| # include <inttypes.h>
| #endif
| #ifdef HAVE_STDINT_H
| # include <stdint.h>
| #endif
| #ifdef HAVE_UNISTD_H
| # include <unistd.h>
| #endif
| #include <minix/config.h>
configure:5092: result: no
configure:5092: checking minix/config.h presence
configure:5092: riscv64-unknown-linux-gnu-g++ -E  conftest.cpp
conftest.cpp:21:26: fatal error: minix/config.h: No such file or directory
compilation terminated.
configure:5092: $? = 1
configure: failed program was:
| /* confdefs.h */
| #define PACKAGE_NAME "Protocol Buffers"
| #define PACKAGE_TARNAME "protobuf"
| #define PACKAGE_VERSION "2.5.0"
| #define PACKAGE_STRING "Protocol Buffers 2.5.0"
| #define PACKAGE_BUGREPORT "protobuf@googlegroups.com"
| #define PACKAGE_URL ""
| #define PACKAGE "protobuf"
| #define VERSION "2.5.0"
| #define STDC_HEADERS 1
| #define HAVE_SYS_TYPES_H 1
| #define HAVE_SYS_STAT_H 1
| #define HAVE_STDLIB_H 1
| #define HAVE_STRING_H 1
| #define HAVE_MEMORY_H 1
| #define HAVE_STRINGS_H 1
| #define HAVE_INTTYPES_H 1
| #define HAVE_STDINT_H 1
| #define HAVE_UNISTD_H 1
| /* end confdefs.h.  */
| #include <minix/config.h>
configure:5092: result: no
configure:5092: checking for minix/config.h
configure:5092: result: no
configure:5113: checking whether it is safe to define __EXTENSIONS__
configure:5131: riscv64-unknown-linux-gnu-g++ -c   conftest.cpp >&5
configure:5131: $? = 0
configure:5138: result: yes
configure:5167: checking C++ compiler flags...
configure:5183: result: use default: -O2  -g -DNDEBUG
configure:5203: checking whether __SUNPRO_CC is declared
configure:5203: riscv64-unknown-linux-gnu-g++ -c  -g -DNDEBUG  conftest.cpp >&5
conftest.cpp: In function 'int main()':
conftest.cpp:64:10: error: '__SUNPRO_CC' was not declared in this scope
   (void) __SUNPRO_CC;
          ^
configure:5203: $? = 1
configure: failed program was:
| /* confdefs.h */
| #define PACKAGE_NAME "Protocol Buffers"
| #define PACKAGE_TARNAME "protobuf"
| #define PACKAGE_VERSION "2.5.0"
| #define PACKAGE_STRING "Protocol Buffers 2.5.0"
| #define PACKAGE_BUGREPORT "protobuf@googlegroups.com"
| #define PACKAGE_URL ""
| #define PACKAGE "protobuf"
| #define VERSION "2.5.0"
| #define STDC_HEADERS 1
| #define HAVE_SYS_TYPES_H 1
| #define HAVE_SYS_STAT_H 1
| #define HAVE_STDLIB_H 1
| #define HAVE_STRING_H 1
| #define HAVE_MEMORY_H 1
| #define HAVE_STRINGS_H 1
| #define HAVE_INTTYPES_H 1
| #define HAVE_STDINT_H 1
| #define HAVE_UNISTD_H 1
| #define __EXTENSIONS__ 1
| #define _ALL_SOURCE 1
| #define _GNU_SOURCE 1
| #define _POSIX_PTHREAD_SEMANTICS 1
| #define _TANDEM_SOURCE 1
| /* end confdefs.h.  */
| #include <stdio.h>
| #ifdef HAVE_SYS_TYPES_H
| # include <sys/types.h>
| #endif
| #ifdef HAVE_SYS_STAT_H
| # include <sys/stat.h>
| #endif
| #ifdef STDC_HEADERS
| # include <stdlib.h>
| # include <stddef.h>
| #else
| # ifdef HAVE_STDLIB_H
| #  include <stdlib.h>
| # endif
| #endif
| #ifdef HAVE_STRING_H
| # if !defined STDC_HEADERS && defined HAVE_MEMORY_H
| #  include <memory.h>
| # endif
| # include <string.h>
| #endif
| #ifdef HAVE_STRINGS_H
| # include <strings.h>
| #endif
| #ifdef HAVE_INTTYPES_H
| # include <inttypes.h>
| #endif
| #ifdef HAVE_STDINT_H
| # include <stdint.h>
| #endif
| #ifdef HAVE_UNISTD_H
| # include <unistd.h>
| #endif
| int
| main ()
| {
| #ifndef __SUNPRO_CC
| #ifdef __cplusplus
|   (void) __SUNPRO_CC;
| #else
|   (void) __SUNPRO_CC;
| #endif
| #endif
| 
|   ;
|   return 0;
| }
configure:5203: result: no
configure:5375: checking how to print strings
configure:5402: result: printf
configure:5423: checking for a sed that does not truncate output
configure:5487: result: /bin/sed
configure:5505: checking for fgrep
configure:5567: result: /bin/grep -F
configure:5602: checking for ld used by riscv64-unknown-linux-gnu-gcc
configure:5669: result: /riscv64-unknown-linux-gnu/bin/ld
configure:5676: checking if the linker (/riscv64-unknown-linux-gnu/bin/ld) is GNU ld
configure:5691: result: yes
configure:5703: checking for BSD- or MS-compatible name lister (nm)
configure:5757: result: /bin/riscv64-unknown-linux-gnu-nm -B
configure:5887: checking the name lister (/bin/riscv64-unknown-linux-gnu-nm -B) interface
configure:5894: riscv64-unknown-linux-gnu-g++ -c  -g -DNDEBUG  conftest.cpp >&5
configure:5897: /bin/riscv64-unknown-linux-gnu-nm -B "conftest.o"
configure:5900: output
0000000000000075 N .LASF0
0000000000000068 N .LASF1
0000000000000000 N .LASF2
000000000000005a N .LASF3
0000000000000000 N .Ldebug_abbrev0
0000000000000000 N .Ldebug_info0
0000000000000000 N .Ldebug_line0
0000000000000000 t .Letext0
0000000000000000 S some_variable
configure:5907: result: BSD nm
configure:5910: checking whether ln -s works
configure:5914: result: yes
configure:5922: checking the maximum length of command line arguments
configure:6053: result: 1572864
configure:6101: checking how to convert x86_64-unknown-linux-gnu file names to riscv64-unknown-linux-gnu format
configure:6141: result: func_convert_file_noop
configure:6148: checking how to convert x86_64-unknown-linux-gnu file names to toolchain format
configure:6168: result: func_convert_file_noop
configure:6175: checking for /riscv64-unknown-linux-gnu/bin/ld option to reload object files
configure:6182: result: -r
configure:6216: checking for riscv64-unknown-linux-gnu-objdump
configure:6232: found /bin/riscv64-unknown-linux-gnu-objdump
configure:6243: result: riscv64-unknown-linux-gnu-objdump
configure:6315: checking how to recognize dependent libraries
configure:6515: result: pass_all
configure:6560: checking for riscv64-unknown-linux-gnu-dlltool
configure:6590: result: no
configure:6600: checking for dlltool
configure:6630: result: no
configure:6660: checking how to associate runtime and link libraries
configure:6687: result: printf %s\n
configure:6703: checking for riscv64-unknown-linux-gnu-ar
configure:6719: found /bin/riscv64-unknown-linux-gnu-ar
configure:6730: result: riscv64-unknown-linux-gnu-ar
configure:6811: checking for archiver @FILE support
configure:6828: riscv64-unknown-linux-gnu-g++ -c  -g -DNDEBUG  conftest.cpp >&5
configure:6828: $? = 0
configure:6831: riscv64-unknown-linux-gnu-ar cru libconftest.a @conftest.lst >&5
configure:6834: $? = 0
configure:6839: riscv64-unknown-linux-gnu-ar cru libconftest.a @conftest.lst >&5
riscv64-unknown-linux-gnu-ar: conftest.o: No such file or directory
configure:6842: $? = 1
configure:6854: result: @
configure:6872: checking for riscv64-unknown-linux-gnu-strip
configure:6899: result: riscv64-unknown-linux-gnu-strip
configure:6971: checking for riscv64-unknown-linux-gnu-ranlib
configure:6987: found /bin/riscv64-unknown-linux-gnu-ranlib
configure:6998: result: riscv64-unknown-linux-gnu-ranlib
configure:7140: checking command to parse /bin/riscv64-unknown-linux-gnu-nm -B output from riscv64-unknown-linux-gnu-gcc object
configure:7293: riscv64-unknown-linux-gnu-g++ -c  -g -DNDEBUG  conftest.cpp >&5
configure:7296: $? = 0
configure:7300: /bin/riscv64-unknown-linux-gnu-nm -B conftest.o \| sed -n -e 's/^.*[ ]\([ABCDGIRSTW][ABCDGIRSTW]*\)[ ][ ]*\([_A-Za-z][_A-Za-z0-9]*\)$/\1 \2 \2/p' | sed '/ __gnu_lto/d' \> conftest.nm
configure:7303: $? = 0
configure:7369: riscv64-unknown-linux-gnu-g++ -o conftest  -g -DNDEBUG   conftest.cpp conftstm.o >&5
configure:7372: $? = 0
configure:7410: result: ok
configure:7457: checking for sysroot
configure:7487: result: no
configure:7494: checking for a working dd
configure:7532: result: /bin/dd
configure:7536: checking how to truncate binary pipes
configure:7551: result: /bin/dd bs=4096 count=1
configure:7841: checking for riscv64-unknown-linux-gnu-mt
configure:7871: result: no
configure:7881: checking for mt
configure:7911: result: no
configure:7931: checking if : is a manifest tool
configure:7937: : '-?'
configure:7945: result: no
configure:8619: checking for dlfcn.h
configure:8619: riscv64-unknown-linux-gnu-g++ -c  -g -DNDEBUG  conftest.cpp >&5
configure:8619: $? = 0
configure:8619: result: yes
configure:8885: checking for objdir
configure:8900: result: .libs
configure:9164: checking if riscv64-unknown-linux-gnu-gcc supports -fno-rtti -fno-exceptions
configure:9182: riscv64-unknown-linux-gnu-gcc -c   -fno-rtti -fno-exceptions conftest.c >&5
cc1: warning: command line option '-fno-rtti' is valid for C++/ObjC++ but not for C
configure:9186: $? = 0
configure:9199: result: no
configure:9557: checking for riscv64-unknown-linux-gnu-gcc option to produce PIC
configure:9564: result: -fPIC -DPIC
configure:9572: checking if riscv64-unknown-linux-gnu-gcc PIC flag -fPIC -DPIC works
configure:9590: riscv64-unknown-linux-gnu-gcc -c   -fPIC -DPIC -DPIC conftest.c >&5
configure:9594: $? = 0
configure:9607: result: yes
configure:9636: checking if riscv64-unknown-linux-gnu-gcc static flag -static works
configure:9664: result: yes
configure:9679: checking if riscv64-unknown-linux-gnu-gcc supports -c -o file.o
configure:9700: riscv64-unknown-linux-gnu-gcc -c   -o out/conftest2.o conftest.c >&5
configure:9704: $? = 0
configure:9726: result: yes
configure:9734: checking if riscv64-unknown-linux-gnu-gcc supports -c -o file.o
configure:9781: result: yes
configure:9814: checking whether the riscv64-unknown-linux-gnu-gcc linker (/riscv64-unknown-linux-gnu/bin/ld) supports shared libraries
configure:11073: result: yes
configure:11110: checking whether -lc should be explicitly linked in
configure:11118: riscv64-unknown-linux-gnu-gcc -c   conftest.c >&5
configure:11121: $? = 0
configure:11136: riscv64-unknown-linux-gnu-gcc -shared  -fPIC -DPIC conftest.o  -v -Wl,-soname -Wl,conftest -o conftest 2\>\&1 \| /bin/grep  -lc  \>/dev/null 2\>\&1
configure:11139: $? = 0
configure:11153: result: no
configure:11313: checking dynamic linker characteristics
configure:11907: riscv64-unknown-linux-gnu-gcc -o conftest    -Wl,-rpath -Wl,/foo conftest.c  >&5
configure:11907: $? = 0
configure:12144: result: GNU/Linux ld.so
configure:12266: checking how to hardcode library paths into programs
configure:12291: result: immediate
configure:12839: checking whether stripping libraries is possible
configure:12844: result: yes
configure:12879: checking if libtool supports shared libraries
configure:12881: result: yes
configure:12884: checking whether to build shared libraries
configure:12909: result: yes
configure:12912: checking whether to build static libraries
configure:12916: result: yes
configure:12939: checking how to run the C++ preprocessor
configure:13005: result: riscv64-unknown-linux-gnu-g++ -E
configure:13025: riscv64-unknown-linux-gnu-g++ -E  conftest.cpp
configure:13025: $? = 0
configure:13039: riscv64-unknown-linux-gnu-g++ -E  conftest.cpp
conftest.cpp:28:28: fatal error: ac_nonexistent.h: No such file or directory
compilation terminated.
configure:13039: $? = 1
configure: failed program was:
| /* confdefs.h */
| #define PACKAGE_NAME "Protocol Buffers"
| #define PACKAGE_TARNAME "protobuf"
| #define PACKAGE_VERSION "2.5.0"
| #define PACKAGE_STRING "Protocol Buffers 2.5.0"
| #define PACKAGE_BUGREPORT "protobuf@googlegroups.com"
| #define PACKAGE_URL ""
| #define PACKAGE "protobuf"
| #define VERSION "2.5.0"
| #define STDC_HEADERS 1
| #define HAVE_SYS_TYPES_H 1
| #define HAVE_SYS_STAT_H 1
| #define HAVE_STDLIB_H 1
| #define HAVE_STRING_H 1
| #define HAVE_MEMORY_H 1
| #define HAVE_STRINGS_H 1
| #define HAVE_INTTYPES_H 1
| #define HAVE_STDINT_H 1
| #define HAVE_UNISTD_H 1
| #define __EXTENSIONS__ 1
| #define _ALL_SOURCE 1
| #define _GNU_SOURCE 1
| #define _POSIX_PTHREAD_SEMANTICS 1
| #define _TANDEM_SOURCE 1
| #define HAVE_DLFCN_H 1
| #define LT_OBJDIR ".libs/"
| /* end confdefs.h.  */
| #include <ac_nonexistent.h>
configure:13201: checking for ld used by riscv64-unknown-linux-gnu-g++
configure:13268: result: /riscv64-unknown-linux-gnu/bin/ld
configure:13275: checking if the linker (/riscv64-unknown-linux-gnu/bin/ld) is GNU ld
configure:13290: result: yes
configure:13345: checking whether the riscv64-unknown-linux-gnu-g++ linker (/riscv64-unknown-linux-gnu/bin/ld) supports shared libraries
configure:14418: result: yes
configure:14454: riscv64-unknown-linux-gnu-g++ -c  -g -DNDEBUG  conftest.cpp >&5
configure:14457: $? = 0
configure:14938: checking for riscv64-unknown-linux-gnu-g++ option to produce PIC
configure:14945: result: -fPIC -DPIC
configure:14953: checking if riscv64-unknown-linux-gnu-g++ PIC flag -fPIC -DPIC works
configure:14971: riscv64-unknown-linux-gnu-g++ -c  -g -DNDEBUG  -fPIC -DPIC -DPIC conftest.cpp >&5
configure:14975: $? = 0
configure:14988: result: yes
configure:15011: checking if riscv64-unknown-linux-gnu-g++ static flag -static works
configure:15039: result: yes
configure:15051: checking if riscv64-unknown-linux-gnu-g++ supports -c -o file.o
configure:15072: riscv64-unknown-linux-gnu-g++ -c  -g -DNDEBUG  -o out/conftest2.o conftest.cpp >&5
configure:15076: $? = 0
configure:15098: result: yes
configure:15103: checking if riscv64-unknown-linux-gnu-g++ supports -c -o file.o
configure:15150: result: yes
configure:15180: checking whether the riscv64-unknown-linux-gnu-g++ linker (/riscv64-unknown-linux-gnu/bin/ld) supports shared libraries
configure:15220: result: yes
configure:15361: checking dynamic linker characteristics
configure:16119: result: GNU/Linux ld.so
configure:16184: checking how to hardcode library paths into programs
configure:16209: result: immediate
configure:16272: checking for ANSI C header files
configure:16376: result: yes
configure:16387: checking fcntl.h usability
configure:16387: riscv64-unknown-linux-gnu-g++ -c  -g -DNDEBUG  conftest.cpp >&5
configure:16387: $? = 0
configure:16387: result: yes
configure:16387: checking fcntl.h presence
configure:16387: riscv64-unknown-linux-gnu-g++ -E  conftest.cpp
configure:16387: $? = 0
configure:16387: result: yes
configure:16387: checking for fcntl.h
configure:16387: result: yes
configure:16387: checking for inttypes.h
configure:16387: result: yes
configure:16387: checking limits.h usability
configure:16387: riscv64-unknown-linux-gnu-g++ -c  -g -DNDEBUG  conftest.cpp >&5
configure:16387: $? = 0
configure:16387: result: yes
configure:16387: checking limits.h presence
configure:16387: riscv64-unknown-linux-gnu-g++ -E  conftest.cpp
configure:16387: $? = 0
configure:16387: result: yes
configure:16387: checking for limits.h
configure:16387: result: yes
configure:16387: checking for stdlib.h
configure:16387: result: yes
configure:16387: checking for unistd.h
configure:16387: result: yes
configure:16399: checking for working memcmp
configure:16452: result: no
configure:16461: checking for working strtod
configure:16512: result: no
configure:16521: checking for pow
configure:16521: riscv64-unknown-linux-gnu-g++ -o conftest  -g -DNDEBUG   conftest.cpp  >&5
configure:16521: $? = 0
configure:16521: result: yes
configure:16577: checking for ftruncate
configure:16577: riscv64-unknown-linux-gnu-g++ -o conftest  -g -DNDEBUG   conftest.cpp  >&5
configure:16577: $? = 0
configure:16577: result: yes
configure:16577: checking for memset
configure:16577: riscv64-unknown-linux-gnu-g++ -o conftest  -g -DNDEBUG   conftest.cpp  >&5
configure:16577: $? = 0
configure:16577: result: yes
configure:16577: checking for mkdir
configure:16577: riscv64-unknown-linux-gnu-g++ -o conftest  -g -DNDEBUG   conftest.cpp  >&5
configure:16577: $? = 0
configure:16577: result: yes
configure:16577: checking for strchr
configure:16577: riscv64-unknown-linux-gnu-g++ -o conftest  -g -DNDEBUG   conftest.cpp  >&5
configure:16577: $? = 0
configure:16577: result: yes
configure:16577: checking for strerror
configure:16577: riscv64-unknown-linux-gnu-g++ -o conftest  -g -DNDEBUG   conftest.cpp  >&5
configure:16577: $? = 0
configure:16577: result: yes
configure:16577: checking for strtol
configure:16577: riscv64-unknown-linux-gnu-g++ -o conftest  -g -DNDEBUG   conftest.cpp  >&5
configure:16577: $? = 0
configure:16577: result: yes
configure:16591: checking zlib version
configure:16611: riscv64-unknown-linux-gnu-g++ -c  -g -DNDEBUG  conftest.cpp >&5
conftest.cpp:41:26: fatal error: zlib.h: No such file or directory
compilation terminated.
configure:16611: $? = 1
configure: failed program was:
| /* confdefs.h */
| #define PACKAGE_NAME "Protocol Buffers"
| #define PACKAGE_TARNAME "protobuf"
| #define PACKAGE_VERSION "2.5.0"
| #define PACKAGE_STRING "Protocol Buffers 2.5.0"
| #define PACKAGE_BUGREPORT "protobuf@googlegroups.com"
| #define PACKAGE_URL ""
| #define PACKAGE "protobuf"
| #define VERSION "2.5.0"
| #define STDC_HEADERS 1
| #define HAVE_SYS_TYPES_H 1
| #define HAVE_SYS_STAT_H 1
| #define HAVE_STDLIB_H 1
| #define HAVE_STRING_H 1
| #define HAVE_MEMORY_H 1
| #define HAVE_STRINGS_H 1
| #define HAVE_INTTYPES_H 1
| #define HAVE_STDINT_H 1
| #define HAVE_UNISTD_H 1
| #define __EXTENSIONS__ 1
| #define _ALL_SOURCE 1
| #define _GNU_SOURCE 1
| #define _POSIX_PTHREAD_SEMANTICS 1
| #define _TANDEM_SOURCE 1
| #define HAVE_DLFCN_H 1
| #define LT_OBJDIR ".libs/"
| #define STDC_HEADERS 1
| #define HAVE_FCNTL_H 1
| #define HAVE_INTTYPES_H 1
| #define HAVE_LIMITS_H 1
| #define HAVE_STDLIB_H 1
| #define HAVE_UNISTD_H 1
| #define HAVE_FTRUNCATE 1
| #define HAVE_MEMSET 1
| #define HAVE_MKDIR 1
| #define HAVE_STRCHR 1
| #define HAVE_STRERROR 1
| #define HAVE_STRTOL 1
| /* end confdefs.h.  */
| 
|         #include <zlib.h>
|         #if !defined(ZLIB_VERNUM) || (ZLIB_VERNUM < 0x1204)
|         # error zlib version too old
|         #endif
| 
| int
| main ()
| {
| 
|   ;
|   return 0;
| }
configure:16694: result: headers missing or too old (requires 1.2.0.4)
configure:16916: checking for the pthreads library -lpthreads
configure:16949: riscv64-unknown-linux-gnu-gcc -o conftest     conftest.c -lpthreads  >&5
/lib/gcc/riscv64-unknown-linux-gnu/5.1.0/../../../../riscv64-unknown-linux-gnu/bin/ld: cannot find -lpthreads
collect2: error: ld returned 1 exit status
configure:16949: $? = 1
configure: failed program was:
| /* confdefs.h */
| #define PACKAGE_NAME "Protocol Buffers"
| #define PACKAGE_TARNAME "protobuf"
| #define PACKAGE_VERSION "2.5.0"
| #define PACKAGE_STRING "Protocol Buffers 2.5.0"
| #define PACKAGE_BUGREPORT "protobuf@googlegroups.com"
| #define PACKAGE_URL ""
| #define PACKAGE "protobuf"
| #define VERSION "2.5.0"
| #define STDC_HEADERS 1
| #define HAVE_SYS_TYPES_H 1
| #define HAVE_SYS_STAT_H 1
| #define HAVE_STDLIB_H 1
| #define HAVE_STRING_H 1
| #define HAVE_MEMORY_H 1
| #define HAVE_STRINGS_H 1
| #define HAVE_INTTYPES_H 1
| #define HAVE_STDINT_H 1
| #define HAVE_UNISTD_H 1
| #define __EXTENSIONS__ 1
| #define _ALL_SOURCE 1
| #define _GNU_SOURCE 1
| #define _POSIX_PTHREAD_SEMANTICS 1
| #define _TANDEM_SOURCE 1
| #define HAVE_DLFCN_H 1
| #define LT_OBJDIR ".libs/"
| #define STDC_HEADERS 1
| #define HAVE_FCNTL_H 1
| #define HAVE_INTTYPES_H 1
| #define HAVE_LIMITS_H 1
| #define HAVE_STDLIB_H 1
| #define HAVE_UNISTD_H 1
| #define HAVE_FTRUNCATE 1
| #define HAVE_MEMSET 1
| #define HAVE_MKDIR 1
| #define HAVE_STRCHR 1
| #define HAVE_STRERROR 1
| #define HAVE_STRTOL 1
| /* end confdefs.h.  */
| #include <pthread.h>
| int
| main ()
| {
| pthread_t th; pthread_join(th, 0);
|                      pthread_attr_init(0); pthread_cleanup_push(0, 0);
|                      pthread_create(0,0,0,0); pthread_cleanup_pop(0);
|   ;
|   return 0;
| }
configure:16958: result: no
configure:16861: checking whether pthreads work without any flags
configure:16949: riscv64-unknown-linux-gnu-gcc -o conftest     conftest.c   >&5
/tmp/cclyHkRU.o: In function `main':
conftest.c:(.text+0x18): undefined reference to `pthread_join'
conftest.c:(.text+0x6c): undefined reference to `__pthread_register_cancel'
conftest.c:(.text+0x84): undefined reference to `pthread_create'
conftest.c:(.text+0x94): undefined reference to `__pthread_unregister_cancel'
collect2: error: ld returned 1 exit status
configure:16949: $? = 1
configure: failed program was:
| /* confdefs.h */
| #define PACKAGE_NAME "Protocol Buffers"
| #define PACKAGE_TARNAME "protobuf"
| #define PACKAGE_VERSION "2.5.0"
| #define PACKAGE_STRING "Protocol Buffers 2.5.0"
| #define PACKAGE_BUGREPORT "protobuf@googlegroups.com"
| #define PACKAGE_URL ""
| #define PACKAGE "protobuf"
| #define VERSION "2.5.0"
| #define STDC_HEADERS 1
| #define HAVE_SYS_TYPES_H 1
| #define HAVE_SYS_STAT_H 1
| #define HAVE_STDLIB_H 1
| #define HAVE_STRING_H 1
| #define HAVE_MEMORY_H 1
| #define HAVE_STRINGS_H 1
| #define HAVE_INTTYPES_H 1
| #define HAVE_STDINT_H 1
| #define HAVE_UNISTD_H 1
| #define __EXTENSIONS__ 1
| #define _ALL_SOURCE 1
| #define _GNU_SOURCE 1
| #define _POSIX_PTHREAD_SEMANTICS 1
| #define _TANDEM_SOURCE 1
| #define HAVE_DLFCN_H 1
| #define LT_OBJDIR ".libs/"
| #define STDC_HEADERS 1
| #define HAVE_FCNTL_H 1
| #define HAVE_INTTYPES_H 1
| #define HAVE_LIMITS_H 1
| #define HAVE_STDLIB_H 1
| #define HAVE_UNISTD_H 1
| #define HAVE_FTRUNCATE 1
| #define HAVE_MEMSET 1
| #define HAVE_MKDIR 1
| #define HAVE_STRCHR 1
| #define HAVE_STRERROR 1
| #define HAVE_STRTOL 1
| /* end confdefs.h.  */
| #include <pthread.h>
| int
| main ()
| {
| pthread_t th; pthread_join(th, 0);
|                      pthread_attr_init(0); pthread_cleanup_push(0, 0);
|                      pthread_create(0,0,0,0); pthread_cleanup_pop(0);
|   ;
|   return 0;
| }
configure:16958: result: no
configure:16866: checking whether pthreads work with -Kthread
configure:16949: riscv64-unknown-linux-gnu-gcc -o conftest  -Kthread   conftest.c   >&5
riscv64-unknown-linux-gnu-gcc: error: unrecognized command line option '-Kthread'
configure:16949: $? = 1
configure: failed program was:
| /* confdefs.h */
| #define PACKAGE_NAME "Protocol Buffers"
| #define PACKAGE_TARNAME "protobuf"
| #define PACKAGE_VERSION "2.5.0"
| #define PACKAGE_STRING "Protocol Buffers 2.5.0"
| #define PACKAGE_BUGREPORT "protobuf@googlegroups.com"
| #define PACKAGE_URL ""
| #define PACKAGE "protobuf"
| #define VERSION "2.5.0"
| #define STDC_HEADERS 1
| #define HAVE_SYS_TYPES_H 1
| #define HAVE_SYS_STAT_H 1
| #define HAVE_STDLIB_H 1
| #define HAVE_STRING_H 1
| #define HAVE_MEMORY_H 1
| #define HAVE_STRINGS_H 1
| #define HAVE_INTTYPES_H 1
| #define HAVE_STDINT_H 1
| #define HAVE_UNISTD_H 1
| #define __EXTENSIONS__ 1
| #define _ALL_SOURCE 1
| #define _GNU_SOURCE 1
| #define _POSIX_PTHREAD_SEMANTICS 1
| #define _TANDEM_SOURCE 1
| #define HAVE_DLFCN_H 1
| #define LT_OBJDIR ".libs/"
| #define STDC_HEADERS 1
| #define HAVE_FCNTL_H 1
| #define HAVE_INTTYPES_H 1
| #define HAVE_LIMITS_H 1
| #define HAVE_STDLIB_H 1
| #define HAVE_UNISTD_H 1
| #define HAVE_FTRUNCATE 1
| #define HAVE_MEMSET 1
| #define HAVE_MKDIR 1
| #define HAVE_STRCHR 1
| #define HAVE_STRERROR 1
| #define HAVE_STRTOL 1
| /* end confdefs.h.  */
| #include <pthread.h>
| int
| main ()
| {
| pthread_t th; pthread_join(th, 0);
|                      pthread_attr_init(0); pthread_cleanup_push(0, 0);
|                      pthread_create(0,0,0,0); pthread_cleanup_pop(0);
|   ;
|   return 0;
| }
configure:16958: result: no
configure:16866: checking whether pthreads work with -kthread
configure:16949: riscv64-unknown-linux-gnu-gcc -o conftest  -kthread   conftest.c   >&5
riscv64-unknown-linux-gnu-gcc: error: unrecognized command line option '-kthread'
configure:16949: $? = 1
configure: failed program was:
| /* confdefs.h */
| #define PACKAGE_NAME "Protocol Buffers"
| #define PACKAGE_TARNAME "protobuf"
| #define PACKAGE_VERSION "2.5.0"
| #define PACKAGE_STRING "Protocol Buffers 2.5.0"
| #define PACKAGE_BUGREPORT "protobuf@googlegroups.com"
| #define PACKAGE_URL ""
| #define PACKAGE "protobuf"
| #define VERSION "2.5.0"
| #define STDC_HEADERS 1
| #define HAVE_SYS_TYPES_H 1
| #define HAVE_SYS_STAT_H 1
| #define HAVE_STDLIB_H 1
| #define HAVE_STRING_H 1
| #define HAVE_MEMORY_H 1
| #define HAVE_STRINGS_H 1
| #define HAVE_INTTYPES_H 1
| #define HAVE_STDINT_H 1
| #define HAVE_UNISTD_H 1
| #define __EXTENSIONS__ 1
| #define _ALL_SOURCE 1
| #define _GNU_SOURCE 1
| #define _POSIX_PTHREAD_SEMANTICS 1
| #define _TANDEM_SOURCE 1
| #define HAVE_DLFCN_H 1
| #define LT_OBJDIR ".libs/"
| #define STDC_HEADERS 1
| #define HAVE_FCNTL_H 1
| #define HAVE_INTTYPES_H 1
| #define HAVE_LIMITS_H 1
| #define HAVE_STDLIB_H 1
| #define HAVE_UNISTD_H 1
| #define HAVE_FTRUNCATE 1
| #define HAVE_MEMSET 1
| #define HAVE_MKDIR 1
| #define HAVE_STRCHR 1
| #define HAVE_STRERROR 1
| #define HAVE_STRTOL 1
| /* end confdefs.h.  */
| #include <pthread.h>
| int
| main ()
| {
| pthread_t th; pthread_join(th, 0);
|                      pthread_attr_init(0); pthread_cleanup_push(0, 0);
|                      pthread_create(0,0,0,0); pthread_cleanup_pop(0);
|   ;
|   return 0;
| }
configure:16958: result: no
configure:16916: checking for the pthreads library -llthread
configure:16949: riscv64-unknown-linux-gnu-gcc -o conftest     conftest.c -llthread  >&5
/lib/gcc/riscv64-unknown-linux-gnu/5.1.0/../../../../riscv64-unknown-linux-gnu/bin/ld: cannot find -llthread
collect2: error: ld returned 1 exit status
configure:16949: $? = 1
configure: failed program was:
| /* confdefs.h */
| #define PACKAGE_NAME "Protocol Buffers"
| #define PACKAGE_TARNAME "protobuf"
| #define PACKAGE_VERSION "2.5.0"
| #define PACKAGE_STRING "Protocol Buffers 2.5.0"
| #define PACKAGE_BUGREPORT "protobuf@googlegroups.com"
| #define PACKAGE_URL ""
| #define PACKAGE "protobuf"
| #define VERSION "2.5.0"
| #define STDC_HEADERS 1
| #define HAVE_SYS_TYPES_H 1
| #define HAVE_SYS_STAT_H 1
| #define HAVE_STDLIB_H 1
| #define HAVE_STRING_H 1
| #define HAVE_MEMORY_H 1
| #define HAVE_STRINGS_H 1
| #define HAVE_INTTYPES_H 1
| #define HAVE_STDINT_H 1
| #define HAVE_UNISTD_H 1
| #define __EXTENSIONS__ 1
| #define _ALL_SOURCE 1
| #define _GNU_SOURCE 1
| #define _POSIX_PTHREAD_SEMANTICS 1
| #define _TANDEM_SOURCE 1
| #define HAVE_DLFCN_H 1
| #define LT_OBJDIR ".libs/"
| #define STDC_HEADERS 1
| #define HAVE_FCNTL_H 1
| #define HAVE_INTTYPES_H 1
| #define HAVE_LIMITS_H 1
| #define HAVE_STDLIB_H 1
| #define HAVE_UNISTD_H 1
| #define HAVE_FTRUNCATE 1
| #define HAVE_MEMSET 1
| #define HAVE_MKDIR 1
| #define HAVE_STRCHR 1
| #define HAVE_STRERROR 1
| #define HAVE_STRTOL 1
| /* end confdefs.h.  */
| #include <pthread.h>
| int
| main ()
| {
| pthread_t th; pthread_join(th, 0);
|                      pthread_attr_init(0); pthread_cleanup_push(0, 0);
|                      pthread_create(0,0,0,0); pthread_cleanup_pop(0);
|   ;
|   return 0;
| }
configure:16958: result: no
configure:16866: checking whether pthreads work with -pthread
configure:16949: riscv64-unknown-linux-gnu-gcc -o conftest  -pthread   conftest.c   >&5
configure:16949: $? = 0
configure:16958: result: yes
configure:16977: checking for joinable pthread attribute
configure:16992: riscv64-unknown-linux-gnu-gcc -o conftest  -pthread   conftest.c   >&5
configure:16992: $? = 0
configure:16998: result: PTHREAD_CREATE_JOINABLE
configure:17008: checking if more special flags are required for pthreads
configure:17015: result: no
configure:17104: checking whether to check for GCC pthread/shared inconsistencies
configure:17117: riscv64-unknown-linux-gnu-gcc -o conftest -shared -fPIC -Wl,-z,defs  -pthread   conftest.c   >&5
/lib/gcc/riscv64-unknown-linux-gnu/5.1.0/../../../../riscv64-unknown-linux-gnu/bin/ld: /lib/gcc/riscv64-unknown-linux-gnu/5.1.0/crtbeginS.o(.text+0x7c): unresolvable R_RISCV_PCREL_HI20 relocation against symbol `__cxa_finalize@@GLIBC_2.20'
configure:17117: $? = 0
configure:17129: result: yes
configure:17171: checking whether -lpthread fixes that
configure:17187: riscv64-unknown-linux-gnu-gcc -o conftest -shared -fPIC -Wl,-z,defs  -pthread   conftest.c -lpthread   >&5
/lib/gcc/riscv64-unknown-linux-gnu/5.1.0/../../../../riscv64-unknown-linux-gnu/bin/ld: /lib/gcc/riscv64-unknown-linux-gnu/5.1.0/crtbeginS.o(.text+0x7c): unresolvable R_RISCV_PCREL_HI20 relocation against symbol `__cxa_finalize@@GLIBC_2.20'
/lib/gcc/riscv64-unknown-linux-gnu/5.1.0/../../../../riscv64-unknown-linux-gnu/bin/ld: /tmp/ccQCmRjc.o(.text+0x5c): unresolvable R_RISCV_PCREL_HI20 relocation against symbol `__pthread_unwind_next@@GLIBC_2.20'
configure:17187: $? = 0
configure:17194: result: yes
configure:17246: checking whether what we have so far is sufficient with -nostdlib
configure:17264: riscv64-unknown-linux-gnu-gcc -o conftest -nostdlib -shared -fPIC -Wl,-z,defs  -pthread   conftest.c -lpthread   -lc >&5
/lib/gcc/riscv64-unknown-linux-gnu/5.1.0/../../../../riscv64-unknown-linux-gnu/bin/ld: /tmp/cchCkIqf.o(.text+0x5c): unresolvable R_RISCV_PCREL_HI20 relocation against symbol `__pthread_unwind_next@@GLIBC_2.20'
configure:17264: $? = 0
configure:17273: result: yes
configure:17346: checking the location of hash_map
configure:17372: riscv64-unknown-linux-gnu-g++ -c  -g -DNDEBUG  conftest.cpp >&5
configure:17372: $? = 0
configure:17394: riscv64-unknown-linux-gnu-g++ -c  -g -DNDEBUG  conftest.cpp >&5
In file included from /riscv64-unknown-linux-gnu/include/c++/5.1.0/unordered_map:35:0,
                 from conftest.cpp:41:
/riscv64-unknown-linux-gnu/include/c++/5.1.0/bits/c++0x_warning.h:32:2: error: #error This file requires compiler and library support for the ISO C++ 2011 standard. This support is currently experimental, and must be enabled with the -std=c++11 or -std=gnu++11 compiler options.
 #error This file requires compiler and library support for the \
  ^
conftest.cpp: In function 'int main()':
conftest.cpp:45:12: error: 'unordered_map' in namespace 'std' does not name a template type
 const std::unordered_map<int, int> t;
            ^
conftest.cpp:46:33: error: 't' was not declared in this scope
                          return t.find(5) == t.end();
                                 ^
configure:17394: $? = 1
configure: failed program was:
| /* confdefs.h */
| #define PACKAGE_NAME "Protocol Buffers"
| #define PACKAGE_TARNAME "protobuf"
| #define PACKAGE_VERSION "2.5.0"
| #define PACKAGE_STRING "Protocol Buffers 2.5.0"
| #define PACKAGE_BUGREPORT "protobuf@googlegroups.com"
| #define PACKAGE_URL ""
| #define PACKAGE "protobuf"
| #define VERSION "2.5.0"
| #define STDC_HEADERS 1
| #define HAVE_SYS_TYPES_H 1
| #define HAVE_SYS_STAT_H 1
| #define HAVE_STDLIB_H 1
| #define HAVE_STRING_H 1
| #define HAVE_MEMORY_H 1
| #define HAVE_STRINGS_H 1
| #define HAVE_INTTYPES_H 1
| #define HAVE_STDINT_H 1
| #define HAVE_UNISTD_H 1
| #define __EXTENSIONS__ 1
| #define _ALL_SOURCE 1
| #define _GNU_SOURCE 1
| #define _POSIX_PTHREAD_SEMANTICS 1
| #define _TANDEM_SOURCE 1
| #define HAVE_DLFCN_H 1
| #define LT_OBJDIR ".libs/"
| #define STDC_HEADERS 1
| #define HAVE_FCNTL_H 1
| #define HAVE_INTTYPES_H 1
| #define HAVE_LIMITS_H 1
| #define HAVE_STDLIB_H 1
| #define HAVE_UNISTD_H 1
| #define HAVE_FTRUNCATE 1
| #define HAVE_MEMSET 1
| #define HAVE_MKDIR 1
| #define HAVE_STRCHR 1
| #define HAVE_STRERROR 1
| #define HAVE_STRTOL 1
| #define HAVE_PTHREAD 1
| /* end confdefs.h.  */
| #include <unordered_map>
| int
| main ()
| {
| const std::unordered_map<int, int> t;
|                          return t.find(5) == t.end();
|   ;
|   return 0;
| }
configure:17394: riscv64-unknown-linux-gnu-g++ -c  -g -DNDEBUG  conftest.cpp >&5
In file included from /riscv64-unknown-linux-gnu/include/c++/5.1.0/unordered_map:35:0,
                 from conftest.cpp:41:
/riscv64-unknown-linux-gnu/include/c++/5.1.0/bits/c++0x_warning.h:32:2: error: #error This file requires compiler and library support for the ISO C++ 2011 standard. This support is currently experimental, and must be enabled with the -std=c++11 or -std=gnu++11 compiler options.
 #error This file requires compiler and library support for the \
  ^
conftest.cpp: In function 'int main()':
conftest.cpp:45:12: error: 'tr1' in namespace 'std' does not name a type
 const std::tr1::unordered_map<int, int> t;
            ^
conftest.cpp:46:33: error: 't' was not declared in this scope
                          return t.find(5) == t.end();
                                 ^
configure:17394: $? = 1
configure: failed program was:
| /* confdefs.h */
| #define PACKAGE_NAME "Protocol Buffers"
| #define PACKAGE_TARNAME "protobuf"
| #define PACKAGE_VERSION "2.5.0"
| #define PACKAGE_STRING "Protocol Buffers 2.5.0"
| #define PACKAGE_BUGREPORT "protobuf@googlegroups.com"
| #define PACKAGE_URL ""
| #define PACKAGE "protobuf"
| #define VERSION "2.5.0"
| #define STDC_HEADERS 1
| #define HAVE_SYS_TYPES_H 1
| #define HAVE_SYS_STAT_H 1
| #define HAVE_STDLIB_H 1
| #define HAVE_STRING_H 1
| #define HAVE_MEMORY_H 1
| #define HAVE_STRINGS_H 1
| #define HAVE_INTTYPES_H 1
| #define HAVE_STDINT_H 1
| #define HAVE_UNISTD_H 1
| #define __EXTENSIONS__ 1
| #define _ALL_SOURCE 1
| #define _GNU_SOURCE 1
| #define _POSIX_PTHREAD_SEMANTICS 1
| #define _TANDEM_SOURCE 1
| #define HAVE_DLFCN_H 1
| #define LT_OBJDIR ".libs/"
| #define STDC_HEADERS 1
| #define HAVE_FCNTL_H 1
| #define HAVE_INTTYPES_H 1
| #define HAVE_LIMITS_H 1
| #define HAVE_STDLIB_H 1
| #define HAVE_UNISTD_H 1
| #define HAVE_FTRUNCATE 1
| #define HAVE_MEMSET 1
| #define HAVE_MKDIR 1
| #define HAVE_STRCHR 1
| #define HAVE_STRERROR 1
| #define HAVE_STRTOL 1
| #define HAVE_PTHREAD 1
| /* end confdefs.h.  */
| #include <unordered_map>
| int
| main ()
| {
| const std::tr1::unordered_map<int, int> t;
|                          return t.find(5) == t.end();
|   ;
|   return 0;
| }
configure:17394: riscv64-unknown-linux-gnu-g++ -c  -g -DNDEBUG  conftest.cpp >&5
conftest.cpp: In function 'int main()':
conftest.cpp:45:12: error: 'unordered_map' in namespace 'std' does not name a template type
 const std::unordered_map<int, int> t;
            ^
conftest.cpp:46:33: error: 't' was not declared in this scope
                          return t.find(5) == t.end();
                                 ^
configure:17394: $? = 1
configure: failed program was:
| /* confdefs.h */
| #define PACKAGE_NAME "Protocol Buffers"
| #define PACKAGE_TARNAME "protobuf"
| #define PACKAGE_VERSION "2.5.0"
| #define PACKAGE_STRING "Protocol Buffers 2.5.0"
| #define PACKAGE_BUGREPORT "protobuf@googlegroups.com"
| #define PACKAGE_URL ""
| #define PACKAGE "protobuf"
| #define VERSION "2.5.0"
| #define STDC_HEADERS 1
| #define HAVE_SYS_TYPES_H 1
| #define HAVE_SYS_STAT_H 1
| #define HAVE_STDLIB_H 1
| #define HAVE_STRING_H 1
| #define HAVE_MEMORY_H 1
| #define HAVE_STRINGS_H 1
| #define HAVE_INTTYPES_H 1
| #define HAVE_STDINT_H 1
| #define HAVE_UNISTD_H 1
| #define __EXTENSIONS__ 1
| #define _ALL_SOURCE 1
| #define _GNU_SOURCE 1
| #define _POSIX_PTHREAD_SEMANTICS 1
| #define _TANDEM_SOURCE 1
| #define HAVE_DLFCN_H 1
| #define LT_OBJDIR ".libs/"
| #define STDC_HEADERS 1
| #define HAVE_FCNTL_H 1
| #define HAVE_INTTYPES_H 1
| #define HAVE_LIMITS_H 1
| #define HAVE_STDLIB_H 1
| #define HAVE_UNISTD_H 1
| #define HAVE_FTRUNCATE 1
| #define HAVE_MEMSET 1
| #define HAVE_MKDIR 1
| #define HAVE_STRCHR 1
| #define HAVE_STRERROR 1
| #define HAVE_STRTOL 1
| #define HAVE_PTHREAD 1
| /* end confdefs.h.  */
| #include <tr1/unordered_map>
| int
| main ()
| {
| const std::unordered_map<int, int> t;
|                          return t.find(5) == t.end();
|   ;
|   return 0;
| }
configure:17394: riscv64-unknown-linux-gnu-g++ -c  -g -DNDEBUG  conftest.cpp >&5
configure:17394: $? = 0
configure:17461: result: <tr1/unordered_map>
configure:17596: checking that generated files are newer than configure
configure:17602: result: done
configure:17641: creating ./config.status

## ---------------------- ##
## Running config.status. ##
## ---------------------- ##

This file was extended by Protocol Buffers config.status 2.5.0, which was
generated by GNU Autoconf 2.69.  Invocation command line was

  CONFIG_FILES    = 
  CONFIG_HEADERS  = 
  CONFIG_LINKS    = 
  CONFIG_COMMANDS = 
  $ ./config.status 

on harry-gentoo

config.status:1195: creating Makefile
config.status:1195: creating src/Makefile
config.status:1195: creating protobuf.pc
config.status:1195: creating protobuf-lite.pc
config.status:1195: creating config.h
config.status:1424: executing depfiles commands
config.status:1424: executing libtool commands
configure:20118: === configuring in gtest (/usr/riscv64-unknown-linux-gnu/tmp/portage/dev-libs/protobuf-2.5.0-r2/work/protobuf-2.5.0/gtest)
configure:20181: running /bin/sh ./configure --disable-option-checking '--prefix=/usr/local'  '--host=riscv64-unknown-linux-gnu' 'host_alias=riscv64-unknown-linux-gnu' --cache-file=/dev/null --srcdir=.

## ---------------- ##
## Cache variables. ##
## ---------------- ##

ac_cv_build=x86_64-unknown-linux-gnu
ac_cv_c_compiler_gnu=yes
ac_cv_cxx_compiler_gnu=yes
ac_cv_cxx_hash_map='<tr1/unordered_map>'
ac_cv_cxx_hash_map_class=unordered_map
ac_cv_cxx_hash_namespace=std::tr1
ac_cv_cxx_hash_set='<tr1/unordered_set>'
ac_cv_cxx_hash_set_class=unordered_set
ac_cv_env_CCC_set=
ac_cv_env_CCC_value=
ac_cv_env_CC_set=
ac_cv_env_CC_value=
ac_cv_env_CFLAGS_set=
ac_cv_env_CFLAGS_value=
ac_cv_env_CPPFLAGS_set=
ac_cv_env_CPPFLAGS_value=
ac_cv_env_CXXCPP_set=
ac_cv_env_CXXCPP_value=
ac_cv_env_CXXFLAGS_set=
ac_cv_env_CXXFLAGS_value=
ac_cv_env_CXX_set=
ac_cv_env_CXX_value=
ac_cv_env_LDFLAGS_set=
ac_cv_env_LDFLAGS_value=
ac_cv_env_LIBS_set=
ac_cv_env_LIBS_value=
ac_cv_env_LT_SYS_LIBRARY_PATH_set=
ac_cv_env_LT_SYS_LIBRARY_PATH_value=
ac_cv_env_build_alias_set=
ac_cv_env_build_alias_value=
ac_cv_env_host_alias_set=set
ac_cv_env_host_alias_value=riscv64-unknown-linux-gnu
ac_cv_env_target_alias_set=
ac_cv_env_target_alias_value=
ac_cv_func_ftruncate=yes
ac_cv_func_memcmp_working=no
ac_cv_func_memset=yes
ac_cv_func_mkdir=yes
ac_cv_func_pow=yes
ac_cv_func_strchr=yes
ac_cv_func_strerror=yes
ac_cv_func_strtod=no
ac_cv_func_strtol=yes
ac_cv_have_decl___SUNPRO_CC=no
ac_cv_header_dlfcn_h=yes
ac_cv_header_fcntl_h=yes
ac_cv_header_inttypes_h=yes
ac_cv_header_limits_h=yes
ac_cv_header_memory_h=yes
ac_cv_header_minix_config_h=no
ac_cv_header_stdc=yes
ac_cv_header_stdint_h=yes
ac_cv_header_stdlib_h=yes
ac_cv_header_string_h=yes
ac_cv_header_strings_h=yes
ac_cv_header_sys_stat_h=yes
ac_cv_header_sys_types_h=yes
ac_cv_header_unistd_h=yes
ac_cv_host=riscv64-unknown-linux-gnu
ac_cv_objext=o
ac_cv_path_EGREP='/bin/grep -E'
ac_cv_path_FGREP='/bin/grep -F'
ac_cv_path_GREP=/bin/grep
ac_cv_path_SED=/bin/sed
ac_cv_path_install='/usr/bin/install -c'
ac_cv_path_lt_DD=/bin/dd
ac_cv_path_mkdir=/bin/mkdir
ac_cv_prog_AR=riscv64-unknown-linux-gnu-ar
ac_cv_prog_AWK=gawk
ac_cv_prog_CC=riscv64-unknown-linux-gnu-gcc
ac_cv_prog_CXX=riscv64-unknown-linux-gnu-g++
ac_cv_prog_CXXCPP='riscv64-unknown-linux-gnu-g++ -E'
ac_cv_prog_OBJDUMP=riscv64-unknown-linux-gnu-objdump
ac_cv_prog_RANLIB=riscv64-unknown-linux-gnu-ranlib
ac_cv_prog_STRIP=riscv64-unknown-linux-gnu-strip
ac_cv_prog_cc_c89=
ac_cv_prog_cc_g=yes
ac_cv_prog_cxx_g=yes
ac_cv_prog_make_make_set=yes
ac_cv_safe_to_define___extensions__=yes
ac_cv_target=riscv64-unknown-linux-gnu
am_cv_CC_dependencies_compiler_type=gcc3
am_cv_CXX_dependencies_compiler_type=gcc3
am_cv_make_support_nested_variables=yes
am_cv_prog_cc_c_o=yes
lt_cv_ar_at_file=@
lt_cv_archive_cmds_need_lc=no
lt_cv_deplibs_check_method=pass_all
lt_cv_file_magic_cmd='$MAGIC_CMD'
lt_cv_file_magic_test_file=
lt_cv_ld_reload_flag=-r
lt_cv_nm_interface='BSD nm'
lt_cv_objdir=.libs
lt_cv_path_LD=/riscv64-unknown-linux-gnu/bin/ld
lt_cv_path_LDCXX=/riscv64-unknown-linux-gnu/bin/ld
lt_cv_path_NM='/bin/riscv64-unknown-linux-gnu-nm -B'
lt_cv_path_mainfest_tool=no
lt_cv_prog_compiler_c_o=yes
lt_cv_prog_compiler_c_o_CXX=yes
lt_cv_prog_compiler_pic='-fPIC -DPIC'
lt_cv_prog_compiler_pic_CXX='-fPIC -DPIC'
lt_cv_prog_compiler_pic_works=yes
lt_cv_prog_compiler_pic_works_CXX=yes
lt_cv_prog_compiler_rtti_exceptions=no
lt_cv_prog_compiler_static_works=yes
lt_cv_prog_compiler_static_works_CXX=yes
lt_cv_prog_gnu_ld=yes
lt_cv_prog_gnu_ldcxx=yes
lt_cv_sharedlib_from_linklib_cmd='printf %s\n'
lt_cv_shlibpath_overrides_runpath=no
lt_cv_sys_global_symbol_pipe='sed -n -e '\''s/^.*[	 ]\([ABCDGIRSTW][ABCDGIRSTW]*\)[	 ][	 ]*\([_A-Za-z][_A-Za-z0-9]*\)$/\1 \2 \2/p'\'' | sed '\''/ __gnu_lto/d'\'''
lt_cv_sys_global_symbol_to_c_name_address='sed -n -e '\''s/^: \(.*\) .*$/  {"\1", (void *) 0},/p'\'' -e '\''s/^[ABCDGIRSTW][ABCDGIRSTW]* .* \(.*\)$/  {"\1", (void *) \&\1},/p'\'''
lt_cv_sys_global_symbol_to_c_name_address_lib_prefix='sed -n -e '\''s/^: \(.*\) .*$/  {"\1", (void *) 0},/p'\'' -e '\''s/^[ABCDGIRSTW][ABCDGIRSTW]* .* \(lib.*\)$/  {"\1", (void *) \&\1},/p'\'' -e '\''s/^[ABCDGIRSTW][ABCDGIRSTW]* .* \(.*\)$/  {"lib\1", (void *) \&\1},/p'\'''
lt_cv_sys_global_symbol_to_cdecl='sed -n -e '\''s/^T .* \(.*\)$/extern int \1();/p'\'' -e '\''s/^[ABCDGIRSTW][ABCDGIRSTW]* .* \(.*\)$/extern char \1;/p'\'''
lt_cv_sys_global_symbol_to_import=
lt_cv_sys_max_cmd_len=1572864
lt_cv_to_host_file_cmd=func_convert_file_noop
lt_cv_to_tool_file_cmd=func_convert_file_noop
lt_cv_truncate_bin='/bin/dd bs=4096 count=1'

## ----------------- ##
## Output variables. ##
## ----------------- ##

ACLOCAL='${SHELL} /usr/riscv64-unknown-linux-gnu/tmp/portage/dev-libs/protobuf-2.5.0-r2/work/protobuf-2.5.0/missing aclocal-1.15'
AMDEPBACKSLASH='\'
AMDEP_FALSE='#'
AMDEP_TRUE=''
AMTAR='$${TAR-tar}'
AM_BACKSLASH='\'
AM_DEFAULT_V='$(AM_DEFAULT_VERBOSITY)'
AM_DEFAULT_VERBOSITY='1'
AM_V='$(V)'
AR='riscv64-unknown-linux-gnu-ar'
AUTOCONF='${SHELL} /usr/riscv64-unknown-linux-gnu/tmp/portage/dev-libs/protobuf-2.5.0-r2/work/protobuf-2.5.0/missing autoconf'
AUTOHEADER='${SHELL} /usr/riscv64-unknown-linux-gnu/tmp/portage/dev-libs/protobuf-2.5.0-r2/work/protobuf-2.5.0/missing autoheader'
AUTOMAKE='${SHELL} /usr/riscv64-unknown-linux-gnu/tmp/portage/dev-libs/protobuf-2.5.0-r2/work/protobuf-2.5.0/missing automake-1.15'
AWK='gawk'
CC='riscv64-unknown-linux-gnu-gcc'
CCDEPMODE='depmode=gcc3'
CFLAGS=''
CPPFLAGS=''
CXX='riscv64-unknown-linux-gnu-g++'
CXXCPP='riscv64-unknown-linux-gnu-g++ -E'
CXXDEPMODE='depmode=gcc3'
CXXFLAGS=' -g -DNDEBUG'
CYGPATH_W='echo'
DEFS='-DHAVE_CONFIG_H'
DEPDIR='.deps'
DLLTOOL='false'
DSYMUTIL=''
DUMPBIN=''
ECHO_C=''
ECHO_N='-n'
ECHO_T=''
EGREP='/bin/grep -E'
EXEEXT=''
FGREP='/bin/grep -F'
GCC_FALSE='#'
GCC_TRUE=''
GREP='/bin/grep'
HAVE_ZLIB_FALSE=''
HAVE_ZLIB_TRUE='#'
INSTALL_DATA='${INSTALL} -m 644'
INSTALL_PROGRAM='${INSTALL}'
INSTALL_SCRIPT='${INSTALL}'
INSTALL_STRIP_PROGRAM='$(install_sh) -c -s'
ISAINFO=''
LD='/riscv64-unknown-linux-gnu/bin/ld'
LDFLAGS=''
LIBOBJS=' ${LIBOBJDIR}memcmp$U.o ${LIBOBJDIR}strtod$U.o'
LIBS=''
LIBTOOL='$(SHELL) $(top_builddir)/libtool'
LIPO=''
LN_S='ln -s'
LTLIBOBJS=' ${LIBOBJDIR}memcmp$U.lo ${LIBOBJDIR}strtod$U.lo'
LT_SYS_LIBRARY_PATH=''
MAINT=''
MAINTAINER_MODE_FALSE='#'
MAINTAINER_MODE_TRUE=''
MAKEINFO='${SHELL} /usr/riscv64-unknown-linux-gnu/tmp/portage/dev-libs/protobuf-2.5.0-r2/work/protobuf-2.5.0/missing makeinfo'
MANIFEST_TOOL=':'
MKDIR_P='/bin/mkdir -p'
NM='/bin/riscv64-unknown-linux-gnu-nm -B'
NMEDIT=''
OBJDUMP='riscv64-unknown-linux-gnu-objdump'
OBJEXT='o'
OTOOL64=''
OTOOL=''
PACKAGE='protobuf'
PACKAGE_BUGREPORT='protobuf@googlegroups.com'
PACKAGE_NAME='Protocol Buffers'
PACKAGE_STRING='Protocol Buffers 2.5.0'
PACKAGE_TARNAME='protobuf'
PACKAGE_URL=''
PACKAGE_VERSION='2.5.0'
PATH_SEPARATOR=':'
POW_LIB=''
PROTOBUF_OPT_FLAG='-O2'
PROTOC=''
PTHREAD_CC='riscv64-unknown-linux-gnu-gcc'
PTHREAD_CFLAGS='-pthread'
PTHREAD_LIBS='-lpthread '
RANLIB='riscv64-unknown-linux-gnu-ranlib'
SED='/bin/sed'
SET_MAKE=''
SHELL='/bin/sh'
STRIP='riscv64-unknown-linux-gnu-strip'
USE_EXTERNAL_PROTOC_FALSE=''
USE_EXTERNAL_PROTOC_TRUE='#'
VERSION='2.5.0'
ac_ct_AR=''
ac_ct_CC=''
ac_ct_CXX=''
ac_ct_DUMPBIN=''
acx_pthread_config=''
am__EXEEXT_FALSE=''
am__EXEEXT_TRUE='#'
am__fastdepCC_FALSE='#'
am__fastdepCC_TRUE=''
am__fastdepCXX_FALSE='#'
am__fastdepCXX_TRUE=''
am__include='include'
am__isrc=''
am__leading_dot='.'
am__nodep='_no'
am__quote=''
am__tar='$${TAR-tar} chof - "$$tardir"'
am__untar='$${TAR-tar} xf -'
bindir='${exec_prefix}/bin'
build='x86_64-unknown-linux-gnu'
build_alias=''
build_cpu='x86_64'
build_os='linux-gnu'
build_vendor='unknown'
datadir='${datarootdir}'
datarootdir='${prefix}/share'
docdir='${datarootdir}/doc/${PACKAGE_TARNAME}'
dvidir='${docdir}'
exec_prefix='${prefix}'
host='riscv64-unknown-linux-gnu'
host_alias='riscv64-unknown-linux-gnu'
host_cpu='riscv64'
host_os='linux-gnu'
host_vendor='unknown'
htmldir='${docdir}'
includedir='${prefix}/include'
infodir='${datarootdir}/info'
install_sh='${SHELL} /usr/riscv64-unknown-linux-gnu/tmp/portage/dev-libs/protobuf-2.5.0-r2/work/protobuf-2.5.0/install-sh'
libdir='${exec_prefix}/lib'
libexecdir='${exec_prefix}/libexec'
localedir='${datarootdir}/locale'
localstatedir='${prefix}/var'
mandir='${datarootdir}/man'
mkdir_p='$(MKDIR_P)'
oldincludedir='/usr/include'
pdfdir='${docdir}'
prefix='/usr/local'
program_transform_name='s,x,x,'
psdir='${docdir}'
sbindir='${exec_prefix}/sbin'
sharedstatedir='${prefix}/com'
subdirs=' gtest'
sysconfdir='${prefix}/etc'
target='riscv64-unknown-linux-gnu'
target_alias=''
target_cpu='riscv64'
target_os='linux-gnu'
target_vendor='unknown'

## ----------- ##
## confdefs.h. ##
## ----------- ##

/* confdefs.h */
#define PACKAGE_NAME "Protocol Buffers"
#define PACKAGE_TARNAME "protobuf"
#define PACKAGE_VERSION "2.5.0"
#define PACKAGE_STRING "Protocol Buffers 2.5.0"
#define PACKAGE_BUGREPORT "protobuf@googlegroups.com"
#define PACKAGE_URL ""
#define PACKAGE "protobuf"
#define VERSION "2.5.0"
#define STDC_HEADERS 1
#define HAVE_SYS_TYPES_H 1
#define HAVE_SYS_STAT_H 1
#define HAVE_STDLIB_H 1
#define HAVE_STRING_H 1
#define HAVE_MEMORY_H 1
#define HAVE_STRINGS_H 1
#define HAVE_INTTYPES_H 1
#define HAVE_STDINT_H 1
#define HAVE_UNISTD_H 1
#define __EXTENSIONS__ 1
#define _ALL_SOURCE 1
#define _GNU_SOURCE 1
#define _POSIX_PTHREAD_SEMANTICS 1
#define _TANDEM_SOURCE 1
#define HAVE_DLFCN_H 1
#define LT_OBJDIR ".libs/"
#define STDC_HEADERS 1
#define HAVE_FCNTL_H 1
#define HAVE_INTTYPES_H 1
#define HAVE_LIMITS_H 1
#define HAVE_STDLIB_H 1
#define HAVE_UNISTD_H 1
#define HAVE_FTRUNCATE 1
#define HAVE_MEMSET 1
#define HAVE_MKDIR 1
#define HAVE_STRCHR 1
#define HAVE_STRERROR 1
#define HAVE_STRTOL 1
#define HAVE_PTHREAD 1
#define HAVE_HASH_MAP 1
#define HAVE_HASH_SET 1
#define HASH_MAP_H <tr1/unordered_map>
#define HASH_SET_H <tr1/unordered_set>
#define HASH_NAMESPACE std::tr1
#define HASH_MAP_CLASS unordered_map
#define HASH_SET_CLASS unordered_set

configure: exit 0
